20:59:01 **** Incremental Build of configuration Debug for project stm32-anc-tests ****
make all 
Building file: ../src/stm32-anc-tests.c
Invoking: Cross GCC Compiler
gcc -O0 -g3 -Wall -c -fmessage-length=0 -MMD -MP -MF"src/stm32-anc-tests.d" -MT"src/stm32-anc-tests.o" -o "src/stm32-anc-tests.o" "../src/stm32-anc-tests.c"
../src/stm32-anc-tests.c:2:10: fatal error: iir3_circular.h: No such file or directory
 #include "iir3_circular.h"
          ^~~~~~~~~~~~~~~~~
compilation terminated.
make: *** [src/subdir.mk:20: src/stm32-anc-tests.o] Error 1
"make all" terminated with exit code 2. Build might be incomplete.

20:59:02 Build Failed. 2 errors, 0 warnings. (took 885ms)

